{
  "RSpec": {
    "coverage": {
      "/home/gleb/Documents/kata_project/lib/gilded_rose.rb": {
        "lines": [
          null,
          null,
          1,
          1,
          17,
          null,
          null,
          1,
          17,
          17,
          null,
          6,
          null,
          5,
          null,
          2,
          null,
          4,
          null,
          null,
          null,
          null,
          1,
          null,
          1,
          6,
          null,
          6,
          6,
          null,
          null,
          1,
          5,
          5,
          null,
          4,
          4,
          4,
          null,
          null,
          1,
          4,
          null,
          4,
          4,
          null,
          null
        ]
      },
      "/home/gleb/Documents/kata_project/lib/item.rb": {
        "lines": [
          null,
          null,
          1,
          1,
          null,
          1,
          18,
          18,
          18,
          null,
          null,
          1,
          1,
          null,
          null
        ]
      }
    },
    "timestamp": 1689529798
  }
}
